d:\ae\after+effects+cc+16.0+win+sdk\aftereffectssdk\examples\aegp\projdumper\win\x64\release\projdumper.bsc
d:\ae\after+effects+cc+16.0+win+sdk\aftereffectssdk\examples\aegp\projdumper\win\x64\release\vc140.pdb
d:\ae\after+effects+cc+16.0+win+sdk\aftereffectssdk\examples\aegp\projdumper\win\x64\release\aegp_suitehandler.sbr
d:\ae\after+effects+cc+16.0+win+sdk\aftereffectssdk\examples\aegp\projdumper\win\x64\release\missingsuiteerror.sbr
d:\ae\after+effects+cc+16.0+win+sdk\aftereffectssdk\examples\aegp\projdumper\win\x64\release\projdumper.sbr
d:\ae\after+effects+cc+16.0+win+sdk\aftereffectssdk\examples\aegp\projdumper\win\x64\release\projdumper.obj
d:\ae\after+effects+cc+16.0+win+sdk\aftereffectssdk\examples\aegp\projdumper\win\x64\release\missingsuiteerror.obj
d:\ae\after+effects+cc+16.0+win+sdk\aftereffectssdk\examples\aegp\projdumper\win\x64\release\aegp_suitehandler.obj
d:\ae\after+effects+cc+16.0+win+sdk\aftereffectssdk\examples\aegp\projdumper\win\projdumper_pipl.rc
d:\program files (x86)\adobe\adobe after effects cc 2014\support files\plug-ins\effects\projdumper.ilk
d:\program files (x86)\adobe\adobe after effects cc 2014\support files\plug-ins\effects\projdumper.aex
d:\ae\after+effects+cc+16.0+win+sdk\aftereffectssdk\examples\aegp\projdumper\win\x64\release\projdumper.pdb
d:\ae\after+effects+cc+16.0+win+sdk\aftereffectssdk\examples\aegp\projdumper\win\x64\release\projdumper.lib
d:\ae\after+effects+cc+16.0+win+sdk\aftereffectssdk\examples\aegp\projdumper\win\x64\release\projdumper.exp
d:\ae\after+effects+cc+16.0+win+sdk\aftereffectssdk\examples\aegp\projdumper\win\x64\release\projdumper_pipl.res
d:\ae\after+effects+cc+16.0+win+sdk\aftereffectssdk\examples\aegp\projdumper\win\x64\release\projdumper.tlog\bscmake.command.1.tlog
d:\ae\after+effects+cc+16.0+win+sdk\aftereffectssdk\examples\aegp\projdumper\win\x64\release\projdumper.tlog\bscmake.read.1.tlog
d:\ae\after+effects+cc+16.0+win+sdk\aftereffectssdk\examples\aegp\projdumper\win\x64\release\projdumper.tlog\bscmake.write.1.tlog
d:\ae\after+effects+cc+16.0+win+sdk\aftereffectssdk\examples\aegp\projdumper\win\x64\release\projdumper.tlog\cl.command.1.tlog
d:\ae\after+effects+cc+16.0+win+sdk\aftereffectssdk\examples\aegp\projdumper\win\x64\release\projdumper.tlog\cl.read.1.tlog
d:\ae\after+effects+cc+16.0+win+sdk\aftereffectssdk\examples\aegp\projdumper\win\x64\release\projdumper.tlog\cl.write.1.tlog
d:\ae\after+effects+cc+16.0+win+sdk\aftereffectssdk\examples\aegp\projdumper\win\x64\release\projdumper.tlog\custombuild.command.1.tlog
d:\ae\after+effects+cc+16.0+win+sdk\aftereffectssdk\examples\aegp\projdumper\win\x64\release\projdumper.tlog\custombuild.read.1.tlog
d:\ae\after+effects+cc+16.0+win+sdk\aftereffectssdk\examples\aegp\projdumper\win\x64\release\projdumper.tlog\custombuild.write.1.tlog
d:\ae\after+effects+cc+16.0+win+sdk\aftereffectssdk\examples\aegp\projdumper\win\x64\release\projdumper.tlog\link.command.1.tlog
d:\ae\after+effects+cc+16.0+win+sdk\aftereffectssdk\examples\aegp\projdumper\win\x64\release\projdumper.tlog\link.read.1.tlog
d:\ae\after+effects+cc+16.0+win+sdk\aftereffectssdk\examples\aegp\projdumper\win\x64\release\projdumper.tlog\link.write.1.tlog
d:\ae\after+effects+cc+16.0+win+sdk\aftereffectssdk\examples\aegp\projdumper\win\x64\release\projdumper.tlog\projdumper.write.1u.tlog
d:\ae\after+effects+cc+16.0+win+sdk\aftereffectssdk\examples\aegp\projdumper\win\x64\release\projdumper.tlog\rc.command.1.tlog
d:\ae\after+effects+cc+16.0+win+sdk\aftereffectssdk\examples\aegp\projdumper\win\x64\release\projdumper.tlog\rc.read.1.tlog
d:\ae\after+effects+cc+16.0+win+sdk\aftereffectssdk\examples\aegp\projdumper\win\x64\release\projdumper.tlog\rc.write.1.tlog
